<?xml version="1.0" encoding="UTF-8"?>
<testng-results skipped="0" failed="0" ignored="0" total="1" passed="1">
  <reporter-output>
  </reporter-output>
  <suite name="Default suite" duration-ms="9148" started-at="2019-01-16T01:40:13Z" finished-at="2019-01-16T01:40:22Z">
    <groups>
    </groups>
    <test name="Default test" duration-ms="9148" started-at="2019-01-16T01:40:13Z" finished-at="2019-01-16T01:40:22Z">
      <class name="driverTest.HeadLessBrowser">
        <test-method status="PASS" signature="setup()[pri:0, instance:driverTest.HeadLessBrowser@27efef64]" name="setup" duration-ms="9118" started-at="2019-01-16T01:40:13Z" finished-at="2019-01-16T01:40:22Z">
          <reporter-output>
          </reporter-output>
        </test-method> <!-- setup -->
      </class> <!-- driverTest.HeadLessBrowser -->
    </test> <!-- Default test -->
  </suite> <!-- Default suite -->
</testng-results>
